<?xml version="1.0" encoding="UTF-8"?>
<testng-results skipped="0" failed="0" total="1" passed="1">
  <reporter-output>
  </reporter-output>
  <suite name="Default suite" duration-ms="9650" started-at="2013-07-09T13:53:25Z" finished-at="2013-07-09T13:53:35Z">
    <groups>
    </groups>
    <test name="Default test" duration-ms="9650" started-at="2013-07-09T13:53:25Z" finished-at="2013-07-09T13:53:35Z">
      <class name="com.epam.draggable.task.Draggable">
        <test-method status="PASS" signature="initialize()[pri:0, instance:com.epam.draggable.task.Draggable@1529d183]" name="initialize" is-config="true" duration-ms="3444" started-at="2013-07-09T16:53:25Z" finished-at="2013-07-09T16:53:28Z">
          <reporter-output>
          </reporter-output>
        </test-method> <!-- initialize -->
        <test-method status="PASS" signature="dragAndDrop()[pri:0, instance:com.epam.draggable.task.Draggable@1529d183]" name="dragAndDrop" duration-ms="6198" started-at="2013-07-09T16:53:28Z" finished-at="2013-07-09T16:53:35Z">
          <reporter-output>
          </reporter-output>
        </test-method> <!-- dragAndDrop -->
      </class> <!-- com.epam.draggable.task.Draggable -->
    </test> <!-- Default test -->
  </suite> <!-- Default suite -->
</testng-results>
